<?xml version="1.0" ?>
<!DOCTYPE coverage
  SYSTEM 'http://cobertura.sourceforge.net/xml/coverage-03.dtd'>
<coverage branch-rate="0.5" line-rate="0.767857142857" timestamp="1432890772" version="gcovr 3.2">
<sources>
<source>.</source>
</sources>
<packages>
<package branch-rate="0.0" complexity="0.0" line-rate="1.0" name=".Applications.Coding.Xcode.app.Contents.Developer.Platforms.iPhoneSimulator.platform.Developer.SDKs.iPhoneSimulator8.3.sdk.System.Library.Frameworks.CoreGraphics.framework.Headers">
<classes>
<class branch-rate="0.0" complexity="0.0" filename="/Applications/Coding/Xcode.app/Contents/Developer/Platforms/iPhoneSimulator.platform/Developer/SDKs/iPhoneSimulator8.3.sdk/System/Library/Frameworks/CoreGraphics.framework/Headers/CGGeometry.h" line-rate="1.0" name="CGGeometry_h">
<methods/>
<lines>
<line branch="false" hits="2" number="292"/>
<line branch="false" hits="2" number="293"/>
<line branch="false" hits="2" number="294"/>
</lines>
</class>
</classes>
</package>
<package branch-rate="0.5" complexity="0.0" line-rate="0.738095238095" name=".Users.jenkins..jenkins.jobs.JenkinsTestJob.workspace.JenkinsTest">
<classes>
<class branch-rate="0.0" complexity="0.0" filename="/Users/jenkins/.jenkins/jobs/JenkinsTestJob/workspace/JenkinsTest/AppDelegate.h" line-rate="1.0" name="AppDelegate_h">
<methods/>
<lines>
<line branch="false" hits="4" number="13"/>
</lines>
</class>
<class branch-rate="0.0" complexity="0.0" filename="/Users/jenkins/.jenkins/jobs/JenkinsTestJob/workspace/JenkinsTest/AppDelegate.m" line-rate="0.375" name="AppDelegate_m">
<methods/>
<lines>
<line branch="false" hits="0" number="35"/>
<line branch="false" hits="1" number="39"/>
<line branch="false" hits="0" number="43"/>
<line branch="false" hits="0" number="15"/>
<line branch="false" hits="1" number="20"/>
<line branch="false" hits="1" number="21"/>
<line branch="false" hits="0" number="26"/>
<line branch="false" hits="0" number="31"/>
</lines>
</class>
<class branch-rate="0.5" complexity="0.0" filename="/Users/jenkins/.jenkins/jobs/JenkinsTestJob/workspace/JenkinsTest/ViewController.m" line-rate="0.793103448276" name="ViewController_m">
<methods/>
<lines>
<line branch="false" hits="1" number="16"/>
<line branch="false" hits="1" number="17"/>
<line branch="false" hits="1" number="19"/>
<line branch="false" hits="1" number="20"/>
<line branch="false" hits="1" number="21"/>
<line branch="false" hits="1" number="22"/>
<line branch="false" hits="1" number="23"/>
<line branch="false" hits="0" number="26"/>
<line branch="false" hits="0" number="28"/>
<line branch="false" hits="0" number="29"/>
<line branch="false" hits="1" number="33"/>
<line branch="true" condition-coverage="50% (2/4)" hits="5" number="39">
<conditions>
<condition coverage="50%" number="0" type="jump"/>
</conditions>
</line>
<line branch="false" hits="1" number="40"/>
<line branch="false" hits="1" number="41"/>
<line branch="false" hits="1" number="44"/>
<line branch="false" hits="1" number="45"/>
<line branch="false" hits="1" number="48"/>
<line branch="false" hits="1" number="49"/>
<line branch="false" hits="1" number="52"/>
<line branch="false" hits="1" number="53"/>
<line branch="false" hits="1" number="56"/>
<line branch="false" hits="1" number="57"/>
<line branch="false" hits="1" number="58"/>
<line branch="false" hits="1" number="62"/>
<line branch="false" hits="1" number="63"/>
<line branch="false" hits="1" number="64"/>
<line branch="false" hits="0" number="68"/>
<line branch="false" hits="0" number="69"/>
<line branch="false" hits="0" number="70"/>
</lines>
</class>
<class branch-rate="0.0" complexity="0.0" filename="/Users/jenkins/.jenkins/jobs/JenkinsTestJob/workspace/JenkinsTest/main.m" line-rate="1.0" name="main_m">
<methods/>
<lines>
<line branch="false" hits="1" number="16"/>
<line branch="false" hits="1" number="13"/>
<line branch="false" hits="1" number="14"/>
<line branch="false" hits="1" number="15"/>
</lines>
</class>
</classes>
</package>
<package branch-rate="0.5" complexity="0.0" line-rate="0.818181818182" name=".Users.jenkins..jenkins.jobs.JenkinsTestJob.workspace.OtherSources">
<classes>
<class branch-rate="0.5" complexity="0.0" filename="/Users/jenkins/.jenkins/jobs/JenkinsTestJob/workspace/OtherSources/SecondRect.m" line-rate="0.818181818182" name="SecondRect_m">
<methods/>
<lines>
<line branch="false" hits="0" number="32"/>
<line branch="false" hits="0" number="33"/>
<line branch="false" hits="1" number="15"/>
<line branch="true" condition-coverage="50% (1/2)" hits="1" number="16">
<conditions>
<condition coverage="50%" number="0" type="jump"/>
</conditions>
</line>
<line branch="false" hits="1" number="17"/>
<line branch="true" condition-coverage="50% (1/2)" hits="3" number="18">
<conditions>
<condition coverage="50%" number="0" type="jump"/>
</conditions>
</line>
<line branch="false" hits="1" number="19"/>
<line branch="false" hits="1" number="21"/>
<line branch="false" hits="1" number="22"/>
<line branch="false" hits="1" number="26"/>
<line branch="false" hits="1" number="27"/>
</lines>
</class>
</classes>
</package>
</packages>
</coverage>

